<?xml version="1.0" encoding="UTF-8"?>
<testng-results ignored="0" total="1" passed="1" failed="0" skipped="0">
  <reporter-output>
  </reporter-output>
  <suite started-at="2020-04-02T06:46:44Z" name="Default suite" finished-at="2020-04-02T06:46:46Z" duration-ms="1589">
    <groups>
    </groups>
    <test started-at="2020-04-02T06:46:44Z" name="Default test" finished-at="2020-04-02T06:46:46Z" duration-ms="1589">
      <class name="TestNG.verifyaboutme">
        <test-method is-config="true" signature="launch()[pri:0, instance:TestNG.verifyaboutme@169e6180]" started-at="2020-04-02T06:46:44Z" name="launch" finished-at="2020-04-02T06:46:45Z" duration-ms="1295" status="PASS">
          <reporter-output>
          </reporter-output>
        </test-method> <!-- launch -->
        <test-method signature="verifyabout()[pri:0, instance:TestNG.verifyaboutme@169e6180]" started-at="2020-04-02T06:46:45Z" name="verifyabout" finished-at="2020-04-02T06:46:46Z" duration-ms="181" status="PASS">
          <reporter-output>
          </reporter-output>
        </test-method> <!-- verifyabout -->
        <test-method is-config="true" signature="close()[pri:0, instance:TestNG.verifyaboutme@169e6180]" started-at="2020-04-02T06:46:46Z" name="close" finished-at="2020-04-02T06:46:46Z" duration-ms="89" status="PASS">
          <reporter-output>
          </reporter-output>
        </test-method> <!-- close -->
      </class> <!-- TestNG.verifyaboutme -->
    </test> <!-- Default test -->
  </suite> <!-- Default suite -->
</testng-results>
